SF:lib\src\meta_weather_api_client.dart
DA:24,0
DA:25,0
DA:31,0
DA:32,0
DA:35,0
DA:37,0
DA:39,0
DA:40,0
DA:43,0
DA:44,0
DA:47,0
DA:48,0
DA:51,0
DA:55,0
DA:56,0
DA:57,0
DA:59,0
DA:60,0
DA:63,0
DA:65,0
DA:66,0
DA:69,0
DA:71,0
DA:72,0
DA:75,0
LF:25
LH:0
end_of_record
SF:lib\src\models\location.g.dart
DA:11,1
DA:12,2
DA:13,0
DA:14,2
DA:15,1
DA:16,2
DA:17,0
DA:18,0
DA:19,0
DA:28,1
DA:34,0
DA:36,0
DA:40,2
DA:41,3
DA:42,1
DA:44,2
DA:46,2
DA:49,0
DA:51,0
LF:19
LH:11
end_of_record
SF:lib\src\models\location.dart
DA:5,1
DA:22,0
DA:29,1
DA:30,1
DA:41,0
DA:48,2
DA:50,0
DA:52,0
DA:55,0
DA:57,0
DA:58,0
DA:59,0
DA:60,0
LF:13
LH:4
end_of_record
SF:lib\src\models\weather.g.dart
DA:11,1
DA:12,2
DA:13,1
DA:14,2
DA:16,2
DA:17,1
DA:20,2
DA:22,1
DA:25,2
DA:28,3
DA:29,1
DA:30,2
DA:31,3
DA:32,3
DA:33,3
DA:35,3
DA:37,3
DA:39,3
DA:40,2
DA:42,3
DA:43,2
DA:60,1
DA:66,0
DA:68,0
DA:72,2
DA:73,3
DA:74,1
DA:76,0
DA:78,0
DA:81,3
DA:83,1
LF:31
LH:27
end_of_record
SF:lib\src\models\weather.dart
DA:5,1
DA:30,2
DA:33,1
DA:55,1
DA:73,1
DA:74,1
LF:6
LH:6
end_of_record
